<?xml version="1.0" encoding="UTF-8"?>
<!-- Generated by org.testng.reporters.JUnitReportReporter -->
<testsuite hostname="DESKTOP-FUGQNF4" failures="0" tests="1" name="com.hrms.testscripts.TC001" time="7.521" errors="0" timestamp="2023-04-14T15:47:46 IST" skipped="0">
  <testcase classname="com.hrms.testscripts.TC001" name="tc001" time="7.521"/>
  <system-out/>
</testsuite> <!-- com.hrms.testscripts.TC001 -->
